<?xml version="1.0" encoding="UTF-8"?>
<!-- Generated by org.testng.reporters.JUnitXMLReporter -->
<testsuite ignored="0" hostname="DESKTOP-EN5F5JA" failures="0" tests="6" name="Run on HeadLess Firefox" time="11.8" errors="0" timestamp="05 Oct 2022 14:19:51 GMT">
  <testcase classname="com.nopcommerce.user.Level_04_Multi_Browser" name="Login_01_Empty_Data" time="0.86"/>
  <testcase classname="com.nopcommerce.user.Level_04_Multi_Browser" name="Login_02_Invalid_Email" time="0.666"/>
  <testcase classname="com.nopcommerce.user.Level_04_Multi_Browser" name="Login_03_Not_Found_Email" time="0.804"/>
  <testcase classname="com.nopcommerce.user.Level_04_Multi_Browser" name="Login_04_Existing_Email_Empty_Password" time="0.834"/>
  <testcase classname="com.nopcommerce.user.Level_04_Multi_Browser" name="Login_05_Existing_Email_Wrong_Password" time="0.811"/>
  <testcase classname="com.nopcommerce.user.Level_04_Multi_Browser" name="Login_06_Valid_Email_Password" time="1.107"/>
</testsuite> <!-- Run on HeadLess Firefox -->
