<?xml version="1.0" encoding="UTF-8"?>
<!-- Generated by org.testng.reporters.JUnitXMLReporter -->
<testsuite ignored="0" hostname="DESKTOP-EN5F5JA" failures="0" tests="2" name="Run on Firefox" time="9.854" errors="0" timestamp="01 Nov 2022 16:22:04 GMT">
  <testcase classname="com.jquery.datatable.Level_10_DataTable_DataGrid" name="Table_01_Paging" time="0.527"/>
  <testcase classname="com.jquery.datatable.Level_10_DataTable_DataGrid" name="Table_02_Enter_Header_Textbox" time="4.393"/>
</testsuite> <!-- Run on Firefox -->
