<?xml version="1.0" encoding="UTF-8"?>
<!-- Generated by org.testng.reporters.JUnitXMLReporter -->
<testsuite ignored="0" hostname="DESKTOP-EN5F5JA" failures="0" tests="6" name="Run on Chrome" time="10.117" errors="0" timestamp="05 Oct 2022 14:19:20 GMT">
  <testcase classname="com.nopcommerce.user.Level_04_Multi_Browser" name="Login_01_Empty_Data" time="0.596"/>
  <testcase classname="com.nopcommerce.user.Level_04_Multi_Browser" name="Login_02_Invalid_Email" time="0.54"/>
  <testcase classname="com.nopcommerce.user.Level_04_Multi_Browser" name="Login_03_Not_Found_Email" time="0.847"/>
  <testcase classname="com.nopcommerce.user.Level_04_Multi_Browser" name="Login_04_Existing_Email_Empty_Password" time="0.946"/>
  <testcase classname="com.nopcommerce.user.Level_04_Multi_Browser" name="Login_05_Existing_Email_Wrong_Password" time="0.952"/>
  <testcase classname="com.nopcommerce.user.Level_04_Multi_Browser" name="Login_06_Valid_Email_Password" time="1.3"/>
</testsuite> <!-- Run on Chrome -->
