<?xml version="1.0" encoding="UTF-8"?>
<!-- Generated by org.testng.reporters.JUnitXMLReporter -->
<testsuite ignored="0" hostname="VN-MF10-NC100VB" failures="0" tests="6" name="Run on Edge" time="51.701" errors="0" timestamp="11 Oct 2022 08:13:09 GMT">
  <testcase classname="com.nopcommerce.user.Level_06_Page_Generetor_Manager" name="Login_01_Empty_Data" time="1.014"/>
  <testcase classname="com.nopcommerce.user.Level_06_Page_Generetor_Manager" name="Login_02_Invalid_Email" time="0.987"/>
  <testcase classname="com.nopcommerce.user.Level_06_Page_Generetor_Manager" name="Login_03_Not_Found_Email" time="1.407"/>
  <testcase classname="com.nopcommerce.user.Level_06_Page_Generetor_Manager" name="Login_04_Existing_Email_Empty_Password" time="1.667"/>
  <testcase classname="com.nopcommerce.user.Level_06_Page_Generetor_Manager" name="Login_05_Existing_Email_Wrong_Password" time="1.628"/>
  <testcase classname="com.nopcommerce.user.Level_06_Page_Generetor_Manager" name="Login_06_Valid_Email_Password" time="2.102"/>
</testsuite> <!-- Run on Edge -->
