<?xml version="1.0" encoding="UTF-8"?>
<!-- Generated by org.testng.reporters.JUnitXMLReporter -->
<testsuite ignored="0" hostname="DESKTOP-EN5F5JA" failures="0" tests="3" name="Run on Firefox" time="18.801" errors="0" timestamp="14 Nov 2022 17:21:28 GMT">
  <testcase classname="com.facebook.register.Level_13_Element_Undisplayed" name="TC_01_Verify_Element_Displayed" time="3.841"/>
  <testcase classname="com.facebook.register.Level_13_Element_Undisplayed" name="TC_02_Verify_Element_Undisplayed_In_DOM" time="3.109"/>
  <testcase classname="com.facebook.register.Level_13_Element_Undisplayed" name="TC_03_Verify_Element_Undisplayed_Not_In_DOM" time="8.088"/>
</testsuite> <!-- Run on Firefox -->
