<?xml version="1.0" encoding="UTF-8"?>
<!-- Generated by org.testng.reporters.JUnitXMLReporter -->
<testsuite ignored="0" hostname="DESKTOP-EN5F5JA" failures="0" tests="2" name="Run on Firefox" time="35.354" errors="0" timestamp="07 Nov 2022 16:25:35 GMT">
  <testcase classname="com.jquery.datatable.Level_11_Upload_Files" name="Upload_01_One_File_Per_Time" time="5.37"/>
  <testcase classname="com.jquery.datatable.Level_11_Upload_Files" name="Upload_02_Multi_Files_Per_Time" time="21.993"/>
</testsuite> <!-- Run on Firefox -->
