<?xml version="1.0" encoding="UTF-8"?>
<!-- Generated by org.testng.reporters.JUnitXMLReporter -->
<testsuite ignored="0" hostname="VN-MF10-NC100VB" failures="0" tests="2" name="Run on Firefox" time="7.348" errors="0" timestamp="04 Nov 2022 08:06:20 GMT">
  <testcase classname="com.jquery.datatable.Level_11_Upload_Files" name="Upload_01_One_File_Per_Time" time="0.006"/>
  <testcase classname="com.jquery.datatable.Level_11_Upload_Files" name="Upload_02_Multi_Files_Per_Time" time="0.001"/>
</testsuite> <!-- Run on Firefox -->
