<?xml version="1.0" encoding="UTF-8"?>
<testng-results ignored="0" total="1" passed="1" failed="0" skipped="0">
  <reporter-output>
  </reporter-output>
  <suite started-at="2022-11-03T08:32:43Z" name="NopCommerce" finished-at="2022-11-03T08:33:20Z" duration-ms="37549">
    <groups>
    </groups>
    <test started-at="2022-11-03T08:32:43Z" name="Run on Firefox" finished-at="2022-11-03T08:33:20Z" duration-ms="37549">
      <class name="com.jquery.datatable.Level_10_DataTable_DataGrid">
        <test-method is-config="true" signature="beforeClass(java.lang.String, java.lang.String)[pri:0, instance:com.jquery.datatable.Level_10_DataTable_DataGrid@17f7cd29]" started-at="2022-11-03T08:32:43Z" name="beforeClass" finished-at="2022-11-03T08:32:57Z" duration-ms="14473" status="PASS">
          <params>
            <param index="0">
              <value>
                <![CDATA[firefox]]>
              </value>
            </param>
            <param index="1">
              <value>
                <![CDATA[https://www.jqueryscript.net/demo/jQuery-Dynamic-Data-Grid-Plugin-appendGrid/]]>
              </value>
            </param>
          </params>
          <reporter-output>
          </reporter-output>
        </test-method> <!-- beforeClass -->
        <test-method signature="Table_04_Action_At_Any_Row()[pri:0, instance:com.jquery.datatable.Level_10_DataTable_DataGrid@17f7cd29]" started-at="2022-11-03T08:32:57Z" name="Table_04_Action_At_Any_Row" finished-at="2022-11-03T08:33:20Z" duration-ms="22332" status="PASS">
          <reporter-output>
          </reporter-output>
        </test-method> <!-- Table_04_Action_At_Any_Row -->
        <test-method is-config="true" signature="afterClass()[pri:0, instance:com.jquery.datatable.Level_10_DataTable_DataGrid@17f7cd29]" started-at="2022-11-03T08:33:20Z" name="afterClass" finished-at="2022-11-03T08:33:20Z" duration-ms="729" status="PASS">
          <reporter-output>
          </reporter-output>
        </test-method> <!-- afterClass -->
      </class> <!-- com.jquery.datatable.Level_10_DataTable_DataGrid -->
    </test> <!-- Run on Firefox -->
  </suite> <!-- NopCommerce -->
</testng-results>
