<?xml version="1.0" encoding="UTF-8"?>
<testng-results ignored="0" total="3" passed="3" failed="0" skipped="0">
  <reporter-output>
    <line>
      <![CDATA[[INFO ] [2022-12-08 10:15:33,168] Register - Step 01: Click to Register link
<br>]]>
    </line>
    <line>
      <![CDATA[[INFO ] [2022-12-08 10:15:35,424] Register - Step 02: Input FirstName to required field 'Thanh'
<br>]]>
    </line>
    <line>
      <![CDATA[[INFO ] [2022-12-08 10:15:35,694] Register - Step 03: Input LastName to required field 'Nguyen'
<br>]]>
    </line>
    <line>
      <![CDATA[[INFO ] [2022-12-08 10:15:36,659] Register - Step 04: Input Email to required field 'abc3819@mail.com'
<br>]]>
    </line>
    <line>
      <![CDATA[[INFO ] [2022-12-08 10:15:37,165] Register - Step 05: Input Password to required field '123456'
<br>]]>
    </line>
    <line>
      <![CDATA[[INFO ] [2022-12-08 10:15:37,482] Register - Step 06: Input Confirm Password to required field '123456'
<br>]]>
    </line>
    <line>
      <![CDATA[[INFO ] [2022-12-08 10:15:37,777] Register - Step 07: Click to Register Button
<br>]]>
    </line>
    <line>
      <![CDATA[[INFO ] [2022-12-08 10:15:40,061] Register - Step 08: Verify Register Success Message
<br>]]>
    </line>
    <line>
      <![CDATA[[INFO ] [2022-12-08 10:15:40,178] Register - Step 09: Click to Logout Button
<br>]]>
    </line>
    <line>
      <![CDATA[[INFO ] [2022-12-08 10:15:41,235] Login - Step 01: Navigate to Login Button
<br>]]>
    </line>
    <line>
      <![CDATA[[INFO ] [2022-12-08 10:15:43,047] Login - Step 02: Input Not Found Email to Email Textbox 'abc3819@mail.com'
<br>]]>
    </line>
    <line>
      <![CDATA[[INFO ] [2022-12-08 10:15:43,378] Login - Step 03:  Input Password TextBox '123456'
<br>]]>
    </line>
    <line>
      <![CDATA[[INFO ] [2022-12-08 10:15:43,619] Login - Step 04:  Click to Login Button
<br>]]>
    </line>
    <line>
      <![CDATA[[INFO ] [2022-12-08 10:15:44,506] Login - Step 05:  Verify Login Success
<br>]]>
    </line>
    <line>
      <![CDATA[[INFO ] [2022-12-08 10:15:44,778] Login - Step 06: Navigate to MyAccoutLink
<br>]]>
    </line>
    <line>
      <![CDATA[[INFO ] [2022-12-08 10:15:46,233] Login - Step 07: Verify Login Success
<br>]]>
    </line>
    <line>
      <![CDATA[[INFO ] [2022-12-08 10:15:46,336] My Account - Step 01: Navigate to MyAccoutLink
<br>]]>
    </line>
    <line>
      <![CDATA[[INFO ] [2022-12-08 10:15:46,835] My Account - Step 02: Verify Login Success
<br>]]>
    </line>
    <line>
      <![CDATA[[INFO ] [2022-12-08 10:15:46,926] My Account - Step 03: Verify FirstName value is correctly
<br>]]>
    </line>
    <line>
      <![CDATA[[INFO ] [2022-12-08 10:15:47,010] My Account - Step 04: Verify LastName value is correctly
<br>]]>
    </line>
    <line>
      <![CDATA[[INFO ] [2022-12-08 10:15:47,095] My Account - Step 05: Verify Email value is correctly
<br>]]>
    </line>
    <line>
      <![CDATA[[INFO ] [2022-12-08 10:15:47,184] OS name = windows 10
<br>]]>
    </line>
    <line>
      <![CDATA[[INFO ] [2022-12-08 10:15:47,185] Driver instance name = chromedriver: chrome on windows (84b706e2531248771b9e88af61da4ff0)
<br>]]>
    </line>
  </reporter-output>
  <suite started-at="2022-12-08T03:15:27Z" name="NopCommerce" finished-at="2022-12-08T03:15:47Z" duration-ms="19728">
    <groups>
    </groups>
    <test started-at="2022-12-08T03:15:27Z" name="Run on Firefox" finished-at="2022-12-08T03:15:47Z" duration-ms="19728">
      <class name="com.nopcommerce.user.Level_21_Pattern_Object">
        <test-method is-config="true" signature="initBeforeSuite()[pri:0, instance:com.nopcommerce.user.Level_21_Pattern_Object@2d778add]" started-at="2022-12-08T03:15:27Z" name="initBeforeSuite" finished-at="2022-12-08T03:15:27Z" duration-ms="18" status="PASS">
          <reporter-output>
          </reporter-output>
        </test-method> <!-- initBeforeSuite -->
        <test-method is-config="true" signature="beforeClass(java.lang.String)[pri:0, instance:com.nopcommerce.user.Level_21_Pattern_Object@2d778add]" started-at="2022-12-08T03:15:27Z" name="beforeClass" finished-at="2022-12-08T03:15:33Z" duration-ms="5116" status="PASS">
          <params>
            <param index="0">
              <value>
                <![CDATA[chrome]]>
              </value>
            </param>
          </params>
          <reporter-output>
          </reporter-output>
        </test-method> <!-- beforeClass -->
        <test-method signature="User_01_Register()[pri:0, instance:com.nopcommerce.user.Level_21_Pattern_Object@2d778add]" started-at="2022-12-08T03:15:33Z" name="User_01_Register" finished-at="2022-12-08T03:15:41Z" duration-ms="8043" status="PASS">
          <reporter-output>
            <line>
              <![CDATA[[INFO ] [2022-12-08 10:15:33,168] Register - Step 01: Click to Register link
<br>]]>
            </line>
            <line>
              <![CDATA[[INFO ] [2022-12-08 10:15:35,424] Register - Step 02: Input FirstName to required field 'Thanh'
<br>]]>
            </line>
            <line>
              <![CDATA[[INFO ] [2022-12-08 10:15:35,694] Register - Step 03: Input LastName to required field 'Nguyen'
<br>]]>
            </line>
            <line>
              <![CDATA[[INFO ] [2022-12-08 10:15:36,659] Register - Step 04: Input Email to required field 'abc3819@mail.com'
<br>]]>
            </line>
            <line>
              <![CDATA[[INFO ] [2022-12-08 10:15:37,165] Register - Step 05: Input Password to required field '123456'
<br>]]>
            </line>
            <line>
              <![CDATA[[INFO ] [2022-12-08 10:15:37,482] Register - Step 06: Input Confirm Password to required field '123456'
<br>]]>
            </line>
            <line>
              <![CDATA[[INFO ] [2022-12-08 10:15:37,777] Register - Step 07: Click to Register Button
<br>]]>
            </line>
            <line>
              <![CDATA[[INFO ] [2022-12-08 10:15:40,061] Register - Step 08: Verify Register Success Message
<br>]]>
            </line>
            <line>
              <![CDATA[[INFO ] [2022-12-08 10:15:40,178] Register - Step 09: Click to Logout Button
<br>]]>
            </line>
          </reporter-output>
        </test-method> <!-- User_01_Register -->
        <test-method signature="User_02_Login()[pri:0, instance:com.nopcommerce.user.Level_21_Pattern_Object@2d778add]" started-at="2022-12-08T03:15:41Z" name="User_02_Login" finished-at="2022-12-08T03:15:46Z" duration-ms="5096" status="PASS">
          <reporter-output>
            <line>
              <![CDATA[[INFO ] [2022-12-08 10:15:41,235] Login - Step 01: Navigate to Login Button
<br>]]>
            </line>
            <line>
              <![CDATA[[INFO ] [2022-12-08 10:15:43,047] Login - Step 02: Input Not Found Email to Email Textbox 'abc3819@mail.com'
<br>]]>
            </line>
            <line>
              <![CDATA[[INFO ] [2022-12-08 10:15:43,378] Login - Step 03:  Input Password TextBox '123456'
<br>]]>
            </line>
            <line>
              <![CDATA[[INFO ] [2022-12-08 10:15:43,619] Login - Step 04:  Click to Login Button
<br>]]>
            </line>
            <line>
              <![CDATA[[INFO ] [2022-12-08 10:15:44,506] Login - Step 05:  Verify Login Success
<br>]]>
            </line>
            <line>
              <![CDATA[[INFO ] [2022-12-08 10:15:44,778] Login - Step 06: Navigate to MyAccoutLink
<br>]]>
            </line>
            <line>
              <![CDATA[[INFO ] [2022-12-08 10:15:46,233] Login - Step 07: Verify Login Success
<br>]]>
            </line>
          </reporter-output>
        </test-method> <!-- User_02_Login -->
        <test-method signature="User_03_My_Account()[pri:0, instance:com.nopcommerce.user.Level_21_Pattern_Object@2d778add]" started-at="2022-12-08T03:15:46Z" name="User_03_My_Account" finished-at="2022-12-08T03:15:47Z" duration-ms="848" status="PASS">
          <reporter-output>
            <line>
              <![CDATA[[INFO ] [2022-12-08 10:15:46,336] My Account - Step 01: Navigate to MyAccoutLink
<br>]]>
            </line>
            <line>
              <![CDATA[[INFO ] [2022-12-08 10:15:46,835] My Account - Step 02: Verify Login Success
<br>]]>
            </line>
            <line>
              <![CDATA[[INFO ] [2022-12-08 10:15:46,926] My Account - Step 03: Verify FirstName value is correctly
<br>]]>
            </line>
            <line>
              <![CDATA[[INFO ] [2022-12-08 10:15:47,010] My Account - Step 04: Verify LastName value is correctly
<br>]]>
            </line>
            <line>
              <![CDATA[[INFO ] [2022-12-08 10:15:47,095] My Account - Step 05: Verify Email value is correctly
<br>]]>
            </line>
          </reporter-output>
        </test-method> <!-- User_03_My_Account -->
        <test-method is-config="true" signature="afterClass()[pri:0, instance:com.nopcommerce.user.Level_21_Pattern_Object@2d778add]" started-at="2022-12-08T03:15:47Z" name="afterClass" finished-at="2022-12-08T03:15:47Z" duration-ms="459" status="PASS">
          <reporter-output>
            <line>
              <![CDATA[[INFO ] [2022-12-08 10:15:47,184] OS name = windows 10
<br>]]>
            </line>
            <line>
              <![CDATA[[INFO ] [2022-12-08 10:15:47,185] Driver instance name = chromedriver: chrome on windows (84b706e2531248771b9e88af61da4ff0)
<br>]]>
            </line>
          </reporter-output>
        </test-method> <!-- afterClass -->
      </class> <!-- com.nopcommerce.user.Level_21_Pattern_Object -->
    </test> <!-- Run on Firefox -->
  </suite> <!-- NopCommerce -->
</testng-results>
