<?xml version="1.0" encoding="UTF-8"?>
<!-- Generated by org.testng.reporters.JUnitXMLReporter -->
<testsuite ignored="0" hostname="DESKTOP-EN5F5JA" failures="0" tests="2" name="Run on Chrome" time="22.196" errors="0" timestamp="05 Apr 2023 16:11:07 GMT">
  <testcase classname="com.wordpress.posts.Post_01_Create_Read_Update_Delete" name="Post_01_Create_New_Post" time="7.861"/>
  <testcase classname="com.wordpress.posts.Post_01_Create_Read_Update_Delete" name="Post_02_Search_And_View_Post" time="6.652"/>
</testsuite> <!-- Run on Chrome -->
