<?xml version="1.0" encoding="UTF-8"?>
<!-- Generated by org.testng.reporters.JUnitXMLReporter -->
<testsuite ignored="0" hostname="DESKTOP-EN5F5JA" failures="0" tests="5" name="Run on Chrome" time="19.864" errors="0" timestamp="20 Mar 2023 13:57:24 GMT">
  <testcase classname="com.wordpress.posts.Post_01_Create_Read_Update_Delete" name="Post_01_Create_New_Post" time="8.062"/>
  <testcase classname="com.wordpress.posts.Post_01_Create_Read_Update_Delete" name="Post_02_Search_Post" time="1.349"/>
  <testcase classname="com.wordpress.posts.Post_01_Create_Read_Update_Delete" name="Post_03_View_Post" time="0.002"/>
  <testcase classname="com.wordpress.posts.Post_01_Create_Read_Update_Delete" name="Post_04_Edit_Post" time="0.003"/>
  <testcase classname="com.wordpress.posts.Post_01_Create_Read_Update_Delete" name="Post_05_Delete_Post" time="0.002"/>
</testsuite> <!-- Run on Chrome -->
